<?xml version="1.0" encoding="UTF-8"?>
<!-- Generated by org.testng.reporters.JUnitReportReporter -->
<testsuite skipped="0" hostname="Mangesh-PC" name="com.jbk.ExtentReportDemo" tests="1" failures="0" timestamp="22 Mar 2020 05:24:10 GMT" time="0.801" errors="0">
  <testcase name="getTitle_Fail" time="0.801" classname="com.jbk.ExtentReportDemo"/>
</testsuite> <!-- com.jbk.ExtentReportDemo -->
